<?xml version="1.0" encoding="UTF-8"?>
<!-- Generated by org.testng.reporters.JUnitReportReporter -->
<testsuite hostname="LK-KAN" name="Tests.LoginTest" tests="1" failures="0" timestamp="15 Nov 2020 15:40:17 GMT" time="12.214" errors="0">
  <testcase name="DemoTest1" time="12.214" classname="Tests.LoginTest"/>
</testsuite> <!-- Tests.LoginTest -->
